This file contains any messages produced by compilers while
running configure, to aid debugging if configure makes a mistake.

It was created by StriDe configure 0.0.1, which was
generated by GNU Autoconf 2.69.  Invocation command line was

  $ ./configure 

## --------- ##
## Platform. ##
## --------- ##

hostname = bip6
uname -m = x86_64
uname -r = 3.13.0-24-generic
uname -s = Linux
uname -v = #47-Ubuntu SMP Fri May 2 23:30:00 UTC 2014

/usr/bin/uname -p = unknown
/bin/uname -X     = unknown

/bin/arch              = unknown
/usr/bin/arch -k       = unknown
/usr/convex/getsysinfo = unknown
/usr/bin/hostinfo      = unknown
/bin/machine           = unknown
/usr/bin/oslevel       = unknown
/bin/universe          = unknown

PATH: /home/chengwei104/bin
PATH: /usr/lib/jvm/java-8-oracle/bin
PATH: /usr/local/sbin
PATH: /usr/local/bin
PATH: /usr/sbin
PATH: /usr/bin
PATH: /sbin
PATH: /bin
PATH: /usr/games
PATH: /usr/local/games
PATH: /usr/lib/jvm/java-8-oracle/bin
PATH: /usr/lib/jvm/java-8-oracle/db/bin
PATH: /usr/lib/jvm/java-8-oracle/jre/bin


## ----------- ##
## Core tests. ##
## ----------- ##

configure:2186: checking for a BSD-compatible install
configure:2254: result: /usr/bin/install -c
configure:2265: checking whether build environment is sane
configure:2320: result: yes
configure:2471: checking for a thread-safe mkdir -p
configure:2510: result: /bin/mkdir -p
configure:2517: checking for gawk
configure:2533: found /usr/bin/gawk
configure:2544: result: gawk
configure:2555: checking whether make sets $(MAKE)
configure:2577: result: yes
configure:2606: checking whether make supports nested variables
configure:2623: result: yes
configure:2881: checking for g++
configure:2897: found /usr/bin/g++
configure:2908: result: g++
configure:2935: checking for C++ compiler version
configure:2944: g++ --version >&5
g++ (Ubuntu 5.4.1-2ubuntu1~14.04) 5.4.1 20160904
Copyright (C) 2015 Free Software Foundation, Inc.
This is free software; see the source for copying conditions.  There is NO
warranty; not even for MERCHANTABILITY or FITNESS FOR A PARTICULAR PURPOSE.

configure:2955: $? = 0
configure:2944: g++ -v >&5
Using built-in specs.
COLLECT_GCC=g++
COLLECT_LTO_WRAPPER=/usr/lib/gcc/x86_64-linux-gnu/5/lto-wrapper
Target: x86_64-linux-gnu
Configured with: ../src/configure -v --with-pkgversion='Ubuntu 5.4.1-2ubuntu1~14.04' --with-bugurl=file:///usr/share/doc/gcc-5/README.Bugs --enable-languages=c,ada,c++,java,go,d,fortran,objc,obj-c++ --prefix=/usr --program-suffix=-5 --enable-shared --enable-linker-build-id --libexecdir=/usr/lib --without-included-gettext --enable-threads=posix --libdir=/usr/lib --enable-nls --with-sysroot=/ --enable-clocale=gnu --enable-libstdcxx-debug --enable-libstdcxx-time=yes --with-default-libstdcxx-abi=gcc4-compatible --disable-libstdcxx-dual-abi --enable-gnu-unique-object --disable-vtable-verify --enable-libmpx --enable-plugin --with-system-zlib --disable-browser-plugin --enable-java-awt=gtk --enable-gtk-cairo --with-java-home=/usr/lib/jvm/java-1.5.0-gcj-5-amd64/jre --enable-java-home --with-jvm-root-dir=/usr/lib/jvm/java-1.5.0-gcj-5-amd64 --with-jvm-jar-dir=/usr/lib/jvm-exports/java-1.5.0-gcj-5-amd64 --with-arch-directory=amd64 --with-ecj-jar=/usr/share/java/eclipse-ecj.jar --enable-objc-gc --enable-multiarch --disable-werror --with-arch-32=i686 --with-abi=m64 --with-multilib-list=m32,m64,mx32 --enable-multilib --with-tune=generic --enable-checking=release --build=x86_64-linux-gnu --host=x86_64-linux-gnu --target=x86_64-linux-gnu
Thread model: posix
gcc version 5.4.1 20160904 (Ubuntu 5.4.1-2ubuntu1~14.04) 
configure:2955: $? = 0
configure:2944: g++ -V >&5
g++: error: unrecognized command line option '-V'
g++: fatal error: no input files
compilation terminated.
configure:2955: $? = 1
configure:2944: g++ -qversion >&5
g++: error: unrecognized command line option '-qversion'
g++: fatal error: no input files
compilation terminated.
configure:2955: $? = 1
configure:2975: checking whether the C++ compiler works
configure:2997: g++    conftest.cpp  >&5
configure:3001: $? = 0
configure:3049: result: yes
configure:3052: checking for C++ compiler default output file name
configure:3054: result: a.out
configure:3060: checking for suffix of executables
configure:3067: g++ -o conftest    conftest.cpp  >&5
configure:3071: $? = 0
configure:3093: result: 
configure:3115: checking whether we are cross compiling
configure:3123: g++ -o conftest    conftest.cpp  >&5
configure:3127: $? = 0
configure:3134: ./conftest
configure:3138: $? = 0
configure:3153: result: no
configure:3158: checking for suffix of object files
configure:3180: g++ -c   conftest.cpp >&5
configure:3184: $? = 0
configure:3205: result: o
configure:3209: checking whether we are using the GNU C++ compiler
configure:3228: g++ -c   conftest.cpp >&5
configure:3228: $? = 0
configure:3237: result: yes
configure:3246: checking whether g++ accepts -g
configure:3266: g++ -c -g  conftest.cpp >&5
configure:3266: $? = 0
configure:3307: result: yes
configure:3341: checking for style of include used by make
configure:3369: result: GNU
configure:3395: checking dependency style of g++
configure:3506: result: gcc3
configure:3569: checking for gcc
configure:3585: found /usr/bin/gcc
configure:3596: result: gcc
configure:3825: checking for C compiler version
configure:3834: gcc --version >&5
gcc (Ubuntu 5.4.1-2ubuntu1~14.04) 5.4.1 20160904
Copyright (C) 2015 Free Software Foundation, Inc.
This is free software; see the source for copying conditions.  There is NO
warranty; not even for MERCHANTABILITY or FITNESS FOR A PARTICULAR PURPOSE.

configure:3845: $? = 0
configure:3834: gcc -v >&5
Using built-in specs.
COLLECT_GCC=gcc
COLLECT_LTO_WRAPPER=/usr/lib/gcc/x86_64-linux-gnu/5/lto-wrapper
Target: x86_64-linux-gnu
Configured with: ../src/configure -v --with-pkgversion='Ubuntu 5.4.1-2ubuntu1~14.04' --with-bugurl=file:///usr/share/doc/gcc-5/README.Bugs --enable-languages=c,ada,c++,java,go,d,fortran,objc,obj-c++ --prefix=/usr --program-suffix=-5 --enable-shared --enable-linker-build-id --libexecdir=/usr/lib --without-included-gettext --enable-threads=posix --libdir=/usr/lib --enable-nls --with-sysroot=/ --enable-clocale=gnu --enable-libstdcxx-debug --enable-libstdcxx-time=yes --with-default-libstdcxx-abi=gcc4-compatible --disable-libstdcxx-dual-abi --enable-gnu-unique-object --disable-vtable-verify --enable-libmpx --enable-plugin --with-system-zlib --disable-browser-plugin --enable-java-awt=gtk --enable-gtk-cairo --with-java-home=/usr/lib/jvm/java-1.5.0-gcj-5-amd64/jre --enable-java-home --with-jvm-root-dir=/usr/lib/jvm/java-1.5.0-gcj-5-amd64 --with-jvm-jar-dir=/usr/lib/jvm-exports/java-1.5.0-gcj-5-amd64 --with-arch-directory=amd64 --with-ecj-jar=/usr/share/java/eclipse-ecj.jar --enable-objc-gc --enable-multiarch --disable-werror --with-arch-32=i686 --with-abi=m64 --with-multilib-list=m32,m64,mx32 --enable-multilib --with-tune=generic --enable-checking=release --build=x86_64-linux-gnu --host=x86_64-linux-gnu --target=x86_64-linux-gnu
Thread model: posix
gcc version 5.4.1 20160904 (Ubuntu 5.4.1-2ubuntu1~14.04) 
configure:3845: $? = 0
configure:3834: gcc -V >&5
gcc: error: unrecognized command line option '-V'
gcc: fatal error: no input files
compilation terminated.
configure:3845: $? = 1
configure:3834: gcc -qversion >&5
gcc: error: unrecognized command line option '-qversion'
gcc: fatal error: no input files
compilation terminated.
configure:3845: $? = 1
configure:3849: checking whether we are using the GNU C compiler
configure:3868: gcc -c   conftest.c >&5
configure:3868: $? = 0
configure:3877: result: yes
configure:3886: checking whether gcc accepts -g
configure:3906: gcc -c -g  conftest.c >&5
configure:3906: $? = 0
configure:3947: result: yes
configure:3964: checking for gcc option to accept ISO C89
configure:4027: gcc  -c -g -O2  conftest.c >&5
configure:4027: $? = 0
configure:4040: result: none needed
configure:4065: checking whether gcc understands -c and -o together
configure:4087: gcc -c conftest.c -o conftest2.o
configure:4090: $? = 0
configure:4087: gcc -c conftest.c -o conftest2.o
configure:4090: $? = 0
configure:4102: result: yes
configure:4121: checking dependency style of gcc
configure:4232: result: gcc3
configure:4290: checking for ranlib
configure:4306: found /usr/bin/ranlib
configure:4317: result: ranlib
configure:4353: checking how to run the C++ preprocessor
configure:4380: g++ -E  conftest.cpp
configure:4380: $? = 0
configure:4394: g++ -E  conftest.cpp
conftest.cpp:11:28: fatal error: ac_nonexistent.h: No such file or directory
compilation terminated.
configure:4394: $? = 1
configure: failed program was:
| /* confdefs.h */
| #define PACKAGE_NAME "StriDe"
| #define PACKAGE_TARNAME "stride"
| #define PACKAGE_VERSION "0.0.1"
| #define PACKAGE_STRING "StriDe 0.0.1"
| #define PACKAGE_BUGREPORT "ythuang@cs.ccu.edu.tw"
| #define PACKAGE_URL ""
| #define PACKAGE "stride"
| #define VERSION "0.0.1"
| /* end confdefs.h.  */
| #include <ac_nonexistent.h>
configure:4419: result: g++ -E
configure:4439: g++ -E  conftest.cpp
configure:4439: $? = 0
configure:4453: g++ -E  conftest.cpp
conftest.cpp:11:28: fatal error: ac_nonexistent.h: No such file or directory
compilation terminated.
configure:4453: $? = 1
configure: failed program was:
| /* confdefs.h */
| #define PACKAGE_NAME "StriDe"
| #define PACKAGE_TARNAME "stride"
| #define PACKAGE_VERSION "0.0.1"
| #define PACKAGE_STRING "StriDe 0.0.1"
| #define PACKAGE_BUGREPORT "ythuang@cs.ccu.edu.tw"
| #define PACKAGE_URL ""
| #define PACKAGE "stride"
| #define VERSION "0.0.1"
| /* end confdefs.h.  */
| #include <ac_nonexistent.h>
configure:4482: checking for grep that handles long lines and -e
configure:4540: result: /bin/grep
configure:4545: checking for egrep
configure:4607: result: /bin/grep -E
configure:4612: checking for ANSI C header files
configure:4632: g++ -c -g -O2  conftest.cpp >&5
configure:4632: $? = 0
configure:4705: g++ -o conftest -g -O2   conftest.cpp  >&5
configure:4705: $? = 0
configure:4705: ./conftest
configure:4705: $? = 0
configure:4716: result: yes
configure:4729: checking for sys/types.h
configure:4729: g++ -c -g -O2  conftest.cpp >&5
configure:4729: $? = 0
configure:4729: result: yes
configure:4729: checking for sys/stat.h
configure:4729: g++ -c -g -O2  conftest.cpp >&5
configure:4729: $? = 0
configure:4729: result: yes
configure:4729: checking for stdlib.h
configure:4729: g++ -c -g -O2  conftest.cpp >&5
configure:4729: $? = 0
configure:4729: result: yes
configure:4729: checking for string.h
configure:4729: g++ -c -g -O2  conftest.cpp >&5
configure:4729: $? = 0
configure:4729: result: yes
configure:4729: checking for memory.h
configure:4729: g++ -c -g -O2  conftest.cpp >&5
configure:4729: $? = 0
configure:4729: result: yes
configure:4729: checking for strings.h
configure:4729: g++ -c -g -O2  conftest.cpp >&5
configure:4729: $? = 0
configure:4729: result: yes
configure:4729: checking for inttypes.h
configure:4729: g++ -c -g -O2  conftest.cpp >&5
configure:4729: $? = 0
configure:4729: result: yes
configure:4729: checking for stdint.h
configure:4729: g++ -c -g -O2  conftest.cpp >&5
configure:4729: $? = 0
configure:4729: result: yes
configure:4729: checking for unistd.h
configure:4729: g++ -c -g -O2  conftest.cpp >&5
configure:4729: $? = 0
configure:4729: result: yes
configure:4741: checking zlib.h usability
configure:4741: g++ -c -g -O2  conftest.cpp >&5
configure:4741: $? = 0
configure:4741: result: yes
configure:4741: checking zlib.h presence
configure:4741: g++ -E  conftest.cpp
configure:4741: $? = 0
configure:4741: result: yes
configure:4741: checking for zlib.h
configure:4741: result: yes
configure:4749: checking for library containing gzopen
configure:4780: g++ -o conftest -g -O2   conftest.cpp  >&5
/tmp/ccuWBdgH.o: In function `main':
/bip6_disk/chengwei104/StridePBSelfCorrect/LongReadSelfCorrect/conftest.cpp:32: undefined reference to `gzopen'
collect2: error: ld returned 1 exit status
configure:4780: $? = 1
configure: failed program was:
| /* confdefs.h */
| #define PACKAGE_NAME "StriDe"
| #define PACKAGE_TARNAME "stride"
| #define PACKAGE_VERSION "0.0.1"
| #define PACKAGE_STRING "StriDe 0.0.1"
| #define PACKAGE_BUGREPORT "ythuang@cs.ccu.edu.tw"
| #define PACKAGE_URL ""
| #define PACKAGE "stride"
| #define VERSION "0.0.1"
| #define STDC_HEADERS 1
| #define HAVE_SYS_TYPES_H 1
| #define HAVE_SYS_STAT_H 1
| #define HAVE_STDLIB_H 1
| #define HAVE_STRING_H 1
| #define HAVE_MEMORY_H 1
| #define HAVE_STRINGS_H 1
| #define HAVE_INTTYPES_H 1
| #define HAVE_STDINT_H 1
| #define HAVE_UNISTD_H 1
| /* end confdefs.h.  */
| 
| /* Override any GCC internal prototype to avoid an error.
|    Use char because int might match the return type of a GCC
|    builtin and then its argument prototype would still apply.  */
| #ifdef __cplusplus
| extern "C"
| #endif
| char gzopen ();
| int
| main ()
| {
| return gzopen ();
|   ;
|   return 0;
| }
configure:4780: g++ -o conftest -g -O2   conftest.cpp -lz   >&5
configure:4780: $? = 0
configure:4797: result: -lz
configure:4807: checking for library containing clock_gettime
configure:4838: g++ -o conftest -g -O2   conftest.cpp -lz  >&5
configure:4838: $? = 0
configure:4855: result: none required
configure:4869: checking for OpenMP flag of C++ compiler
configure:4909: g++ -o conftest -g -O2 -fopenmp   conftest.cpp -lz  >&5
configure:4909: $? = 0
configure:4918: result: -fopenmp
configure:4985: checking for host type
configure:4992: result: you are not using osx so multi-threading should work.
configure:5159: checking google/sparse_hash_set usability
configure:5159: g++ -c -O3  -fopenmp  conftest.cpp >&5
configure:5159: $? = 0
configure:5159: result: yes
configure:5159: checking google/sparse_hash_set presence
configure:5159: g++ -E  -fopenmp  conftest.cpp
configure:5159: $? = 0
configure:5159: result: yes
configure:5159: checking for google/sparse_hash_set
configure:5159: result: yes
configure:5180: checking for google/sparse_hash_set
configure:5180: result: yes
configure:5180: checking google/sparse_hash_map usability
configure:5180: g++ -c -O3  -fopenmp  conftest.cpp >&5
configure:5180: $? = 0
configure:5180: result: yes
configure:5180: checking google/sparse_hash_map presence
configure:5180: g++ -E  -fopenmp  conftest.cpp
configure:5180: $? = 0
configure:5180: result: yes
configure:5180: checking for google/sparse_hash_map
configure:5180: result: yes
configure:5180: checking unordered_map usability
configure:5180: g++ -c -O3  -fopenmp  conftest.cpp >&5
In file included from /usr/include/c++/5/unordered_map:35:0,
                 from conftest.cpp:59:
/usr/include/c++/5/bits/c++0x_warning.h:32:2: error: #error This file requires compiler and library support for the ISO C++ 2011 standard. This support must be enabled with the -std=c++11 or -std=gnu++11 compiler options.
 #error This file requires compiler and library support \
  ^
configure:5180: $? = 1
configure: failed program was:
| /* confdefs.h */
| #define PACKAGE_NAME "StriDe"
| #define PACKAGE_TARNAME "stride"
| #define PACKAGE_VERSION "0.0.1"
| #define PACKAGE_STRING "StriDe 0.0.1"
| #define PACKAGE_BUGREPORT "ythuang@cs.ccu.edu.tw"
| #define PACKAGE_URL ""
| #define PACKAGE "stride"
| #define VERSION "0.0.1"
| #define STDC_HEADERS 1
| #define HAVE_SYS_TYPES_H 1
| #define HAVE_SYS_STAT_H 1
| #define HAVE_STDLIB_H 1
| #define HAVE_STRING_H 1
| #define HAVE_MEMORY_H 1
| #define HAVE_STRINGS_H 1
| #define HAVE_INTTYPES_H 1
| #define HAVE_STDINT_H 1
| #define HAVE_UNISTD_H 1
| #define HAVE_CLOCK_GETTIME 1
| #define HAVE_OPENMP 1
| #define HAVE_GOOGLE_SPARSE_HASH_SET 1
| #define HAVE_GOOGLE_SPARSE_HASH_SET 1
| #define HAVE_GOOGLE_SPARSE_HASH_MAP 1
| /* end confdefs.h.  */
| #include <stdio.h>
| #ifdef HAVE_SYS_TYPES_H
| # include <sys/types.h>
| #endif
| #ifdef HAVE_SYS_STAT_H
| # include <sys/stat.h>
| #endif
| #ifdef STDC_HEADERS
| # include <stdlib.h>
| # include <stddef.h>
| #else
| # ifdef HAVE_STDLIB_H
| #  include <stdlib.h>
| # endif
| #endif
| #ifdef HAVE_STRING_H
| # if !defined STDC_HEADERS && defined HAVE_MEMORY_H
| #  include <memory.h>
| # endif
| # include <string.h>
| #endif
| #ifdef HAVE_STRINGS_H
| # include <strings.h>
| #endif
| #ifdef HAVE_INTTYPES_H
| # include <inttypes.h>
| #endif
| #ifdef HAVE_STDINT_H
| # include <stdint.h>
| #endif
| #ifdef HAVE_UNISTD_H
| # include <unistd.h>
| #endif
| #include <unordered_map>
configure:5180: result: no
configure:5180: checking unordered_map presence
configure:5180: g++ -E  -fopenmp  conftest.cpp
In file included from /usr/include/c++/5/unordered_map:35:0,
                 from conftest.cpp:26:
/usr/include/c++/5/bits/c++0x_warning.h:32:2: error: #error This file requires compiler and library support for the ISO C++ 2011 standard. This support must be enabled with the -std=c++11 or -std=gnu++11 compiler options.
 #error This file requires compiler and library support \
  ^
configure:5180: $? = 1
configure: failed program was:
| /* confdefs.h */
| #define PACKAGE_NAME "StriDe"
| #define PACKAGE_TARNAME "stride"
| #define PACKAGE_VERSION "0.0.1"
| #define PACKAGE_STRING "StriDe 0.0.1"
| #define PACKAGE_BUGREPORT "ythuang@cs.ccu.edu.tw"
| #define PACKAGE_URL ""
| #define PACKAGE "stride"
| #define VERSION "0.0.1"
| #define STDC_HEADERS 1
| #define HAVE_SYS_TYPES_H 1
| #define HAVE_SYS_STAT_H 1
| #define HAVE_STDLIB_H 1
| #define HAVE_STRING_H 1
| #define HAVE_MEMORY_H 1
| #define HAVE_STRINGS_H 1
| #define HAVE_INTTYPES_H 1
| #define HAVE_STDINT_H 1
| #define HAVE_UNISTD_H 1
| #define HAVE_CLOCK_GETTIME 1
| #define HAVE_OPENMP 1
| #define HAVE_GOOGLE_SPARSE_HASH_SET 1
| #define HAVE_GOOGLE_SPARSE_HASH_SET 1
| #define HAVE_GOOGLE_SPARSE_HASH_MAP 1
| /* end confdefs.h.  */
| #include <unordered_map>
configure:5180: result: no
configure:5180: checking for unordered_map
configure:5180: result: no
configure:5180: checking tr1/unordered_map usability
configure:5180: g++ -c -O3  -fopenmp  conftest.cpp >&5
configure:5180: $? = 0
configure:5180: result: yes
configure:5180: checking tr1/unordered_map presence
configure:5180: g++ -E  -fopenmp  conftest.cpp
configure:5180: $? = 0
configure:5180: result: yes
configure:5180: checking for tr1/unordered_map
configure:5180: result: yes
configure:5180: checking ext/hash_map usability
configure:5180: g++ -c -O3  -fopenmp  conftest.cpp >&5
In file included from /usr/include/c++/5/ext/hash_map:60:0,
                 from conftest.cpp:60:
/usr/include/c++/5/backward/backward_warning.h:32:2: warning: #warning This file includes at least one deprecated or antiquated header which may be removed without further notice at a future date. Please use a non-deprecated interface with equivalent functionality instead. For a listing of replacement headers and interfaces, consult the file backward_warning.h. To disable this warning use -Wno-deprecated. [-Wcpp]
 #warning \
  ^
configure:5180: $? = 0
configure:5180: result: yes
configure:5180: checking ext/hash_map presence
configure:5180: g++ -E  -fopenmp  conftest.cpp
In file included from /usr/include/c++/5/ext/hash_map:60:0,
                 from conftest.cpp:27:
/usr/include/c++/5/backward/backward_warning.h:32:2: warning: #warning This file includes at least one deprecated or antiquated header which may be removed without further notice at a future date. Please use a non-deprecated interface with equivalent functionality instead. For a listing of replacement headers and interfaces, consult the file backward_warning.h. To disable this warning use -Wno-deprecated. [-Wcpp]
 #warning \
  ^
configure:5180: $? = 0
configure:5180: result: yes
configure:5180: checking for ext/hash_map
configure:5180: result: yes
configure:5180: checking unordered_set usability
configure:5180: g++ -c -O3  -fopenmp  conftest.cpp >&5
In file included from /usr/include/c++/5/unordered_set:35:0,
                 from conftest.cpp:61:
/usr/include/c++/5/bits/c++0x_warning.h:32:2: error: #error This file requires compiler and library support for the ISO C++ 2011 standard. This support must be enabled with the -std=c++11 or -std=gnu++11 compiler options.
 #error This file requires compiler and library support \
  ^
configure:5180: $? = 1
configure: failed program was:
| /* confdefs.h */
| #define PACKAGE_NAME "StriDe"
| #define PACKAGE_TARNAME "stride"
| #define PACKAGE_VERSION "0.0.1"
| #define PACKAGE_STRING "StriDe 0.0.1"
| #define PACKAGE_BUGREPORT "ythuang@cs.ccu.edu.tw"
| #define PACKAGE_URL ""
| #define PACKAGE "stride"
| #define VERSION "0.0.1"
| #define STDC_HEADERS 1
| #define HAVE_SYS_TYPES_H 1
| #define HAVE_SYS_STAT_H 1
| #define HAVE_STDLIB_H 1
| #define HAVE_STRING_H 1
| #define HAVE_MEMORY_H 1
| #define HAVE_STRINGS_H 1
| #define HAVE_INTTYPES_H 1
| #define HAVE_STDINT_H 1
| #define HAVE_UNISTD_H 1
| #define HAVE_CLOCK_GETTIME 1
| #define HAVE_OPENMP 1
| #define HAVE_GOOGLE_SPARSE_HASH_SET 1
| #define HAVE_GOOGLE_SPARSE_HASH_SET 1
| #define HAVE_GOOGLE_SPARSE_HASH_MAP 1
| #define HAVE_TR1_UNORDERED_MAP 1
| #define HAVE_EXT_HASH_MAP 1
| /* end confdefs.h.  */
| #include <stdio.h>
| #ifdef HAVE_SYS_TYPES_H
| # include <sys/types.h>
| #endif
| #ifdef HAVE_SYS_STAT_H
| # include <sys/stat.h>
| #endif
| #ifdef STDC_HEADERS
| # include <stdlib.h>
| # include <stddef.h>
| #else
| # ifdef HAVE_STDLIB_H
| #  include <stdlib.h>
| # endif
| #endif
| #ifdef HAVE_STRING_H
| # if !defined STDC_HEADERS && defined HAVE_MEMORY_H
| #  include <memory.h>
| # endif
| # include <string.h>
| #endif
| #ifdef HAVE_STRINGS_H
| # include <strings.h>
| #endif
| #ifdef HAVE_INTTYPES_H
| # include <inttypes.h>
| #endif
| #ifdef HAVE_STDINT_H
| # include <stdint.h>
| #endif
| #ifdef HAVE_UNISTD_H
| # include <unistd.h>
| #endif
| #include <unordered_set>
configure:5180: result: no
configure:5180: checking unordered_set presence
configure:5180: g++ -E  -fopenmp  conftest.cpp
In file included from /usr/include/c++/5/unordered_set:35:0,
                 from conftest.cpp:28:
/usr/include/c++/5/bits/c++0x_warning.h:32:2: error: #error This file requires compiler and library support for the ISO C++ 2011 standard. This support must be enabled with the -std=c++11 or -std=gnu++11 compiler options.
 #error This file requires compiler and library support \
  ^
configure:5180: $? = 1
configure: failed program was:
| /* confdefs.h */
| #define PACKAGE_NAME "StriDe"
| #define PACKAGE_TARNAME "stride"
| #define PACKAGE_VERSION "0.0.1"
| #define PACKAGE_STRING "StriDe 0.0.1"
| #define PACKAGE_BUGREPORT "ythuang@cs.ccu.edu.tw"
| #define PACKAGE_URL ""
| #define PACKAGE "stride"
| #define VERSION "0.0.1"
| #define STDC_HEADERS 1
| #define HAVE_SYS_TYPES_H 1
| #define HAVE_SYS_STAT_H 1
| #define HAVE_STDLIB_H 1
| #define HAVE_STRING_H 1
| #define HAVE_MEMORY_H 1
| #define HAVE_STRINGS_H 1
| #define HAVE_INTTYPES_H 1
| #define HAVE_STDINT_H 1
| #define HAVE_UNISTD_H 1
| #define HAVE_CLOCK_GETTIME 1
| #define HAVE_OPENMP 1
| #define HAVE_GOOGLE_SPARSE_HASH_SET 1
| #define HAVE_GOOGLE_SPARSE_HASH_SET 1
| #define HAVE_GOOGLE_SPARSE_HASH_MAP 1
| #define HAVE_TR1_UNORDERED_MAP 1
| #define HAVE_EXT_HASH_MAP 1
| /* end confdefs.h.  */
| #include <unordered_set>
configure:5180: result: no
configure:5180: checking for unordered_set
configure:5180: result: no
configure:5180: checking tr1/unordered_set usability
configure:5180: g++ -c -O3  -fopenmp  conftest.cpp >&5
configure:5180: $? = 0
configure:5180: result: yes
configure:5180: checking tr1/unordered_set presence
configure:5180: g++ -E  -fopenmp  conftest.cpp
configure:5180: $? = 0
configure:5180: result: yes
configure:5180: checking for tr1/unordered_set
configure:5180: result: yes
configure:5180: checking ext/hash_set usability
configure:5180: g++ -c -O3  -fopenmp  conftest.cpp >&5
In file included from /usr/include/c++/5/ext/hash_set:60:0,
                 from conftest.cpp:62:
/usr/include/c++/5/backward/backward_warning.h:32:2: warning: #warning This file includes at least one deprecated or antiquated header which may be removed without further notice at a future date. Please use a non-deprecated interface with equivalent functionality instead. For a listing of replacement headers and interfaces, consult the file backward_warning.h. To disable this warning use -Wno-deprecated. [-Wcpp]
 #warning \
  ^
configure:5180: $? = 0
configure:5180: result: yes
configure:5180: checking ext/hash_set presence
configure:5180: g++ -E  -fopenmp  conftest.cpp
In file included from /usr/include/c++/5/ext/hash_set:60:0,
                 from conftest.cpp:29:
/usr/include/c++/5/backward/backward_warning.h:32:2: warning: #warning This file includes at least one deprecated or antiquated header which may be removed without further notice at a future date. Please use a non-deprecated interface with equivalent functionality instead. For a listing of replacement headers and interfaces, consult the file backward_warning.h. To disable this warning use -Wno-deprecated. [-Wcpp]
 #warning \
  ^
configure:5180: $? = 0
configure:5180: result: yes
configure:5180: checking for ext/hash_set
configure:5180: result: yes
configure:5303: checking that generated files are newer than configure
configure:5309: result: done
configure:5336: creating ./config.status

## ---------------------- ##
## Running config.status. ##
## ---------------------- ##

This file was extended by StriDe config.status 0.0.1, which was
generated by GNU Autoconf 2.69.  Invocation command line was

  CONFIG_FILES    = 
  CONFIG_HEADERS  = 
  CONFIG_LINKS    = 
  CONFIG_COMMANDS = 
  $ ./config.status 

on bip6

config.status:880: creating Makefile
config.status:880: creating Util/Makefile
config.status:880: creating SQG/Makefile
config.status:880: creating Bigraph/Makefile
config.status:880: creating Algorithm/Makefile
config.status:880: creating StringGraph/Makefile
config.status:880: creating Concurrency/Makefile
config.status:880: creating SuffixTools/Makefile
config.status:880: creating FMIndexWalk/Makefile
config.status:880: creating PacBio/Makefile
config.status:880: creating Thirdparty/Makefile
config.status:880: creating StriDe/Makefile
config.status:880: creating config.h
config.status:1109: executing depfiles commands

## ---------------- ##
## Cache variables. ##
## ---------------- ##

ac_cv_c_compiler_gnu=yes
ac_cv_cxx_compiler_gnu=yes
ac_cv_env_CCC_set=
ac_cv_env_CCC_value=
ac_cv_env_CC_set=
ac_cv_env_CC_value=
ac_cv_env_CFLAGS_set=
ac_cv_env_CFLAGS_value=
ac_cv_env_CPPFLAGS_set=
ac_cv_env_CPPFLAGS_value=
ac_cv_env_CXXCPP_set=
ac_cv_env_CXXCPP_value=
ac_cv_env_CXXFLAGS_set=
ac_cv_env_CXXFLAGS_value=
ac_cv_env_CXX_set=
ac_cv_env_CXX_value=
ac_cv_env_LDFLAGS_set=
ac_cv_env_LDFLAGS_value=
ac_cv_env_LIBS_set=
ac_cv_env_LIBS_value=
ac_cv_env_build_alias_set=
ac_cv_env_build_alias_value=
ac_cv_env_host_alias_set=
ac_cv_env_host_alias_value=
ac_cv_env_target_alias_set=
ac_cv_env_target_alias_value=
ac_cv_header_ext_hash_map=yes
ac_cv_header_ext_hash_set=yes
ac_cv_header_google_sparse_hash_map=yes
ac_cv_header_google_sparse_hash_set=yes
ac_cv_header_inttypes_h=yes
ac_cv_header_memory_h=yes
ac_cv_header_stdc=yes
ac_cv_header_stdint_h=yes
ac_cv_header_stdlib_h=yes
ac_cv_header_string_h=yes
ac_cv_header_strings_h=yes
ac_cv_header_sys_stat_h=yes
ac_cv_header_sys_types_h=yes
ac_cv_header_tr1_unordered_map=yes
ac_cv_header_tr1_unordered_set=yes
ac_cv_header_unistd_h=yes
ac_cv_header_unordered_map=no
ac_cv_header_unordered_set=no
ac_cv_header_zlib_h=yes
ac_cv_objext=o
ac_cv_path_EGREP='/bin/grep -E'
ac_cv_path_GREP=/bin/grep
ac_cv_path_install='/usr/bin/install -c'
ac_cv_path_mkdir=/bin/mkdir
ac_cv_prog_AWK=gawk
ac_cv_prog_CXXCPP='g++ -E'
ac_cv_prog_ac_ct_CC=gcc
ac_cv_prog_ac_ct_CXX=g++
ac_cv_prog_ac_ct_RANLIB=ranlib
ac_cv_prog_cc_c89=
ac_cv_prog_cc_g=yes
ac_cv_prog_cxx_g=yes
ac_cv_prog_make_make_set=yes
ac_cv_search_clock_gettime='none required'
ac_cv_search_gzopen=-lz
am_cv_CC_dependencies_compiler_type=gcc3
am_cv_CXX_dependencies_compiler_type=gcc3
am_cv_make_support_nested_variables=yes
am_cv_prog_cc_c_o=yes
ax_cv_cxx_openmp=-fopenmp

## ----------------- ##
## Output variables. ##
## ----------------- ##

ACLOCAL='${SHELL} /bip6_disk/chengwei104/StridePBSelfCorrect/LongReadSelfCorrect/missing aclocal-1.14'
AMDEPBACKSLASH='\'
AMDEP_FALSE='#'
AMDEP_TRUE=''
AMTAR='$${TAR-tar}'
AM_BACKSLASH='\'
AM_CXXFLAGS='-std=c++11 -Wall -Wextra -Wno-unknown-pragmas -static'
AM_DEFAULT_V='$(AM_DEFAULT_VERBOSITY)'
AM_DEFAULT_VERBOSITY='1'
AM_V='$(V)'
AUTOCONF='${SHELL} /bip6_disk/chengwei104/StridePBSelfCorrect/LongReadSelfCorrect/missing autoconf'
AUTOHEADER='${SHELL} /bip6_disk/chengwei104/StridePBSelfCorrect/LongReadSelfCorrect/missing autoheader'
AUTOMAKE='${SHELL} /bip6_disk/chengwei104/StridePBSelfCorrect/LongReadSelfCorrect/missing automake-1.14'
AWK='gawk'
CC='gcc'
CCDEPMODE='depmode=gcc3'
CFLAGS='-O3'
CPPFLAGS=' -fopenmp '
CXX='g++'
CXXCPP='g++ -E'
CXXDEPMODE='depmode=gcc3'
CXXFLAGS='-O3'
CYGPATH_W='echo'
DEFS='-DHAVE_CONFIG_H'
DEPDIR='.deps'
ECHO_C=''
ECHO_N='-n'
ECHO_T=''
EGREP='/bin/grep -E'
EXEEXT=''
GREP='/bin/grep'
INSTALL_DATA='${INSTALL} -m 644'
INSTALL_PROGRAM='${INSTALL}'
INSTALL_SCRIPT='${INSTALL}'
INSTALL_STRIP_PROGRAM='$(install_sh) -c -s'
LDFLAGS='-fopenmp  '
LIBOBJS=''
LIBS='-lz '
LTLIBOBJS=''
MAKEINFO='${SHELL} /bip6_disk/chengwei104/StridePBSelfCorrect/LongReadSelfCorrect/missing makeinfo'
MKDIR_P='/bin/mkdir -p'
OBJEXT='o'
PACKAGE='stride'
PACKAGE_BUGREPORT='ythuang@cs.ccu.edu.tw'
PACKAGE_NAME='StriDe'
PACKAGE_STRING='StriDe 0.0.1'
PACKAGE_TARNAME='stride'
PACKAGE_URL=''
PACKAGE_VERSION='0.0.1'
PATH_SEPARATOR=':'
RANLIB='ranlib'
SET_MAKE=''
SHELL='/bin/bash'
STRIP=''
VERSION='0.0.1'
ac_ct_CC='gcc'
ac_ct_CXX='g++'
am__EXEEXT_FALSE=''
am__EXEEXT_TRUE='#'
am__fastdepCC_FALSE='#'
am__fastdepCC_TRUE=''
am__fastdepCXX_FALSE='#'
am__fastdepCXX_TRUE=''
am__include='include'
am__isrc=''
am__leading_dot='.'
am__nodep='_no'
am__quote=''
am__tar='$${TAR-tar} chof - "$$tardir"'
am__untar='$${TAR-tar} xf -'
bindir='${exec_prefix}/bin'
build_alias=''
datadir='${datarootdir}'
datarootdir='${prefix}/share'
docdir='${datarootdir}/doc/${PACKAGE_TARNAME}'
dvidir='${docdir}'
exec_prefix='${prefix}'
host_alias=''
htmldir='${docdir}'
includedir='${prefix}/include'
infodir='${datarootdir}/info'
install_sh='${SHELL} /bip6_disk/chengwei104/StridePBSelfCorrect/LongReadSelfCorrect/install-sh'
libdir='${exec_prefix}/lib'
libexecdir='${exec_prefix}/libexec'
localedir='${datarootdir}/locale'
localstatedir='${prefix}/var'
mandir='${datarootdir}/man'
mkdir_p='$(MKDIR_P)'
oldincludedir='/usr/include'
pdfdir='${docdir}'
prefix='/usr/local'
program_transform_name='s,x,x,'
psdir='${docdir}'
sbindir='${exec_prefix}/sbin'
sharedstatedir='${prefix}/com'
sysconfdir='${prefix}/etc'
target_alias=''

## ----------- ##
## confdefs.h. ##
## ----------- ##

/* confdefs.h */
#define PACKAGE_NAME "StriDe"
#define PACKAGE_TARNAME "stride"
#define PACKAGE_VERSION "0.0.1"
#define PACKAGE_STRING "StriDe 0.0.1"
#define PACKAGE_BUGREPORT "ythuang@cs.ccu.edu.tw"
#define PACKAGE_URL ""
#define PACKAGE "stride"
#define VERSION "0.0.1"
#define STDC_HEADERS 1
#define HAVE_SYS_TYPES_H 1
#define HAVE_SYS_STAT_H 1
#define HAVE_STDLIB_H 1
#define HAVE_STRING_H 1
#define HAVE_MEMORY_H 1
#define HAVE_STRINGS_H 1
#define HAVE_INTTYPES_H 1
#define HAVE_STDINT_H 1
#define HAVE_UNISTD_H 1
#define HAVE_CLOCK_GETTIME 1
#define HAVE_OPENMP 1
#define HAVE_GOOGLE_SPARSE_HASH_SET 1
#define HAVE_GOOGLE_SPARSE_HASH_SET 1
#define HAVE_GOOGLE_SPARSE_HASH_MAP 1
#define HAVE_TR1_UNORDERED_MAP 1
#define HAVE_EXT_HASH_MAP 1
#define HAVE_TR1_UNORDERED_SET 1
#define HAVE_EXT_HASH_SET 1

configure: exit 0
