make  all-recursive
make[1]: Entering directory `/bip6_disk/chengwei104/work4/Stride'
Making all in Util
make[2]: Entering directory `/bip6_disk/chengwei104/work4/Stride/Util'
make[2]: Nothing to be done for `all'.
make[2]: Leaving directory `/bip6_disk/chengwei104/work4/Stride/Util'
Making all in SQG
make[2]: Entering directory `/bip6_disk/chengwei104/work4/Stride/SQG'
make[2]: Nothing to be done for `all'.
make[2]: Leaving directory `/bip6_disk/chengwei104/work4/Stride/SQG'
Making all in Bigraph
make[2]: Entering directory `/bip6_disk/chengwei104/work4/Stride/Bigraph'
make[2]: Nothing to be done for `all'.
make[2]: Leaving directory `/bip6_disk/chengwei104/work4/Stride/Bigraph'
Making all in Algorithm
make[2]: Entering directory `/bip6_disk/chengwei104/work4/Stride/Algorithm'
make[2]: Nothing to be done for `all'.
make[2]: Leaving directory `/bip6_disk/chengwei104/work4/Stride/Algorithm'
Making all in StringGraph
make[2]: Entering directory `/bip6_disk/chengwei104/work4/Stride/StringGraph'
make[2]: Nothing to be done for `all'.
make[2]: Leaving directory `/bip6_disk/chengwei104/work4/Stride/StringGraph'
Making all in Concurrency
make[2]: Entering directory `/bip6_disk/chengwei104/work4/Stride/Concurrency'
make[2]: Nothing to be done for `all'.
make[2]: Leaving directory `/bip6_disk/chengwei104/work4/Stride/Concurrency'
Making all in SuffixTools
make[2]: Entering directory `/bip6_disk/chengwei104/work4/Stride/SuffixTools'
make[2]: Nothing to be done for `all'.
make[2]: Leaving directory `/bip6_disk/chengwei104/work4/Stride/SuffixTools'
Making all in FMIndexWalk
make[2]: Entering directory `/bip6_disk/chengwei104/work4/Stride/FMIndexWalk'
make[2]: Nothing to be done for `all'.
make[2]: Leaving directory `/bip6_disk/chengwei104/work4/Stride/FMIndexWalk'
Making all in PacBio
make[2]: Entering directory `/bip6_disk/chengwei104/work4/Stride/PacBio'
g++ -DHAVE_CONFIG_H -I. -I..  -I../Algorithm -I../Bigraph -I../Util -I../SQG -I../SuffixTools -I../Thirdparty -I../Concurrency -I../FMIndexWalk -I../Thirdparty/rollinghash  -fopenmp  -std=c++11 -Wall -Wextra -Wno-unknown-pragmas -static -O3 -MT libpacbio_a-PacBioCorrectionProcess.o -MD -MP -MF .deps/libpacbio_a-PacBioCorrectionProcess.Tpo -c -o libpacbio_a-PacBioCorrectionProcess.o `test -f 'PacBioCorrectionProcess.cpp' || echo './'`PacBioCorrectionProcess.cpp
PacBioCorrectionProcess.cpp: In member function ‘void PacBioCorrectionProcess::initCorrect(std::string&, std::vector<SeedFeature>&, std::vector<SeedFeature>&, PacBioCorrectionResult&)’:
PacBioCorrectionProcess.cpp:153:23: warning: comparison between signed and unsigned integer expressions [-Wsign-compare]
     if(extendKmerSize > m_params.kmerLength+2) 
                       ^
PacBioCorrectionProcess.cpp:180:31: warning: comparison between signed and unsigned integer expressions [-Wsign-compare]
             for (int i = 0 ;i < extenresult.size();i++)
                               ^
PacBioCorrectionProcess.cpp:271:24: warning: comparison between signed and unsigned integer expressions [-Wsign-compare]
       for (int i= 0 ;i < extenresult.size();i++)
                        ^
PacBioCorrectionProcess.cpp: In member function ‘std::vector<SeedFeature> PacBioCorrectionProcess::dynamicSeedingFromPB(const string&, size_t)’:
PacBioCorrectionProcess.cpp:598:26: error: ‘startPos’ was not declared in this scope
    size_t seedStartPos = startPos, 
                          ^
PacBioCorrectionProcess.cpp:639:72: error: no match for ‘operator+’ (operand types are ‘BWTInterval’ and ‘BWTInterval’)
                 size_t localkmerFreqs = kmerinterval.at(i).interval[0] + kmerinterval.at(i).interval[1];;
                                                                        ^
In file included from /usr/include/c++/5/bits/stl_algobase.h:67:0,
                 from /usr/include/c++/5/tr1/unordered_map:35,
                 from ../Util/HashMap.h:23,
                 from PacBioCorrectionProcess.h:13,
                 from PacBioCorrectionProcess.cpp:9:
/usr/include/c++/5/bits/stl_iterator.h:341:5: note: candidate: template<class _Iterator> std::reverse_iterator<_Iterator> std::operator+(typename std::reverse_iterator<_Iterator>::difference_type, const std::reverse_iterator<_Iterator>&)
     operator+(typename reverse_iterator<_Iterator>::difference_type __n,
     ^
/usr/include/c++/5/bits/stl_iterator.h:341:5: note:   template argument deduction/substitution failed:
PacBioCorrectionProcess.cpp:639:103: note:   ‘BWTInterval’ is not derived from ‘const std::reverse_iterator<_Iterator>’
                 size_t localkmerFreqs = kmerinterval.at(i).interval[0] + kmerinterval.at(i).interval[1];;
                                                                                                       ^
In file included from /usr/include/c++/5/bits/stl_algobase.h:67:0,
                 from /usr/include/c++/5/tr1/unordered_map:35,
                 from ../Util/HashMap.h:23,
                 from PacBioCorrectionProcess.h:13,
                 from PacBioCorrectionProcess.cpp:9:
/usr/include/c++/5/bits/stl_iterator.h:1159:5: note: candidate: template<class _Iterator> std::move_iterator<_Iterator> std::operator+(typename std::move_iterator<_Iterator>::difference_type, const std::move_iterator<_Iterator>&)
     operator+(typename move_iterator<_Iterator>::difference_type __n,
     ^
/usr/include/c++/5/bits/stl_iterator.h:1159:5: note:   template argument deduction/substitution failed:
PacBioCorrectionProcess.cpp:639:103: note:   ‘BWTInterval’ is not derived from ‘const std::move_iterator<_Iterator>’
                 size_t localkmerFreqs = kmerinterval.at(i).interval[0] + kmerinterval.at(i).interval[1];;
                                                                                                       ^
In file included from /usr/include/c++/5/string:52:0,
                 from /usr/include/c++/5/stdexcept:39,
                 from /usr/include/c++/5/array:38,
                 from /usr/include/c++/5/tuple:39,
                 from /usr/include/c++/5/functional:55,
                 from /usr/local/include/sparsehash/sparse_hash_map:89,
                 from /usr/local/include/google/sparse_hash_map:34,
                 from ../Util/HashMap.h:53,
                 from PacBioCorrectionProcess.h:13,
                 from PacBioCorrectionProcess.cpp:9:
/usr/include/c++/5/bits/basic_string.h:4859:5: note: candidate: template<class _CharT, class _Traits, class _Alloc> std::basic_string<_CharT, _Traits, _Alloc> std::operator+(const std::basic_string<_CharT, _Traits, _Alloc>&, const std::basic_string<_CharT, _Traits, _Alloc>&)
     operator+(const basic_string<_CharT, _Traits, _Alloc>& __lhs,
     ^
/usr/include/c++/5/bits/basic_string.h:4859:5: note:   template argument deduction/substitution failed:
PacBioCorrectionProcess.cpp:639:103: note:   ‘BWTInterval’ is not derived from ‘const std::basic_string<_CharT, _Traits, _Alloc>’
                 size_t localkmerFreqs = kmerinterval.at(i).interval[0] + kmerinterval.at(i).interval[1];;
                                                                                                       ^
In file included from /usr/include/c++/5/string:53:0,
                 from /usr/include/c++/5/stdexcept:39,
                 from /usr/include/c++/5/array:38,
                 from /usr/include/c++/5/tuple:39,
                 from /usr/include/c++/5/functional:55,
                 from /usr/local/include/sparsehash/sparse_hash_map:89,
                 from /usr/local/include/google/sparse_hash_map:34,
                 from ../Util/HashMap.h:53,
                 from PacBioCorrectionProcess.h:13,
                 from PacBioCorrectionProcess.cpp:9:
/usr/include/c++/5/bits/basic_string.tcc:1147:5: note: candidate: template<class _CharT, class _Traits, class _Alloc> std::basic_string<_CharT, _Traits, _Alloc> std::operator+(const _CharT*, const std::basic_string<_CharT, _Traits, _Alloc>&)
     operator+(const _CharT* __lhs,
     ^
/usr/include/c++/5/bits/basic_string.tcc:1147:5: note:   template argument deduction/substitution failed:
PacBioCorrectionProcess.cpp:639:103: note:   mismatched types ‘const _CharT*’ and ‘BWTInterval’
                 size_t localkmerFreqs = kmerinterval.at(i).interval[0] + kmerinterval.at(i).interval[1];;
                                                                                                       ^
In file included from /usr/include/c++/5/string:53:0,
                 from /usr/include/c++/5/stdexcept:39,
                 from /usr/include/c++/5/array:38,
                 from /usr/include/c++/5/tuple:39,
                 from /usr/include/c++/5/functional:55,
                 from /usr/local/include/sparsehash/sparse_hash_map:89,
                 from /usr/local/include/google/sparse_hash_map:34,
                 from ../Util/HashMap.h:53,
                 from PacBioCorrectionProcess.h:13,
                 from PacBioCorrectionProcess.cpp:9:
/usr/include/c++/5/bits/basic_string.tcc:1163:5: note: candidate: template<class _CharT, class _Traits, class _Alloc> std::basic_string<_CharT, _Traits, _Alloc> std::operator+(_CharT, const std::basic_string<_CharT, _Traits, _Alloc>&)
     operator+(_CharT __lhs, const basic_string<_CharT, _Traits, _Alloc>& __rhs)
     ^
/usr/include/c++/5/bits/basic_string.tcc:1163:5: note:   template argument deduction/substitution failed:
PacBioCorrectionProcess.cpp:639:103: note:   ‘BWTInterval’ is not derived from ‘const std::basic_string<_CharT, _Traits, _Alloc>’
                 size_t localkmerFreqs = kmerinterval.at(i).interval[0] + kmerinterval.at(i).interval[1];;
                                                                                                       ^
In file included from /usr/include/c++/5/string:52:0,
                 from /usr/include/c++/5/stdexcept:39,
                 from /usr/include/c++/5/array:38,
                 from /usr/include/c++/5/tuple:39,
                 from /usr/include/c++/5/functional:55,
                 from /usr/local/include/sparsehash/sparse_hash_map:89,
                 from /usr/local/include/google/sparse_hash_map:34,
                 from ../Util/HashMap.h:53,
                 from PacBioCorrectionProcess.h:13,
                 from PacBioCorrectionProcess.cpp:9:
/usr/include/c++/5/bits/basic_string.h:4896:5: note: candidate: template<class _CharT, class _Traits, class _Alloc> std::basic_string<_CharT, _Traits, _Alloc> std::operator+(const std::basic_string<_CharT, _Traits, _Alloc>&, const _CharT*)
     operator+(const basic_string<_CharT, _Traits, _Alloc>& __lhs,
     ^
/usr/include/c++/5/bits/basic_string.h:4896:5: note:   template argument deduction/substitution failed:
PacBioCorrectionProcess.cpp:639:103: note:   ‘BWTInterval’ is not derived from ‘const std::basic_string<_CharT, _Traits, _Alloc>’
                 size_t localkmerFreqs = kmerinterval.at(i).interval[0] + kmerinterval.at(i).interval[1];;
                                                                                                       ^
In file included from /usr/include/c++/5/string:52:0,
                 from /usr/include/c++/5/stdexcept:39,
                 from /usr/include/c++/5/array:38,
                 from /usr/include/c++/5/tuple:39,
                 from /usr/include/c++/5/functional:55,
                 from /usr/local/include/sparsehash/sparse_hash_map:89,
                 from /usr/local/include/google/sparse_hash_map:34,
                 from ../Util/HashMap.h:53,
                 from PacBioCorrectionProcess.h:13,
                 from PacBioCorrectionProcess.cpp:9:
/usr/include/c++/5/bits/basic_string.h:4912:5: note: candidate: template<class _CharT, class _Traits, class _Alloc> std::basic_string<_CharT, _Traits, _Alloc> std::operator+(const std::basic_string<_CharT, _Traits, _Alloc>&, _CharT)
     operator+(const basic_string<_CharT, _Traits, _Alloc>& __lhs, _CharT __rhs)
     ^
/usr/include/c++/5/bits/basic_string.h:4912:5: note:   template argument deduction/substitution failed:
PacBioCorrectionProcess.cpp:639:103: note:   ‘BWTInterval’ is not derived from ‘const std::basic_string<_CharT, _Traits, _Alloc>’
                 size_t localkmerFreqs = kmerinterval.at(i).interval[0] + kmerinterval.at(i).interval[1];;
                                                                                                       ^
In file included from /usr/include/c++/5/string:52:0,
                 from /usr/include/c++/5/stdexcept:39,
                 from /usr/include/c++/5/array:38,
                 from /usr/include/c++/5/tuple:39,
                 from /usr/include/c++/5/functional:55,
                 from /usr/local/include/sparsehash/sparse_hash_map:89,
                 from /usr/local/include/google/sparse_hash_map:34,
                 from ../Util/HashMap.h:53,
                 from PacBioCorrectionProcess.h:13,
                 from PacBioCorrectionProcess.cpp:9:
/usr/include/c++/5/bits/basic_string.h:4924:5: note: candidate: template<class _CharT, class _Traits, class _Alloc> std::basic_string<_CharT, _Traits, _Alloc> std::operator+(std::basic_string<_CharT, _Traits, _Alloc>&&, const std::basic_string<_CharT, _Traits, _Alloc>&)
     operator+(basic_string<_CharT, _Traits, _Alloc>&& __lhs,
     ^
/usr/include/c++/5/bits/basic_string.h:4924:5: note:   template argument deduction/substitution failed:
PacBioCorrectionProcess.cpp:639:103: note:   ‘BWTInterval’ is not derived from ‘std::basic_string<_CharT, _Traits, _Alloc>’
                 size_t localkmerFreqs = kmerinterval.at(i).interval[0] + kmerinterval.at(i).interval[1];;
                                                                                                       ^
In file included from /usr/include/c++/5/string:52:0,
                 from /usr/include/c++/5/stdexcept:39,
                 from /usr/include/c++/5/array:38,
                 from /usr/include/c++/5/tuple:39,
                 from /usr/include/c++/5/functional:55,
                 from /usr/local/include/sparsehash/sparse_hash_map:89,
                 from /usr/local/include/google/sparse_hash_map:34,
                 from ../Util/HashMap.h:53,
                 from PacBioCorrectionProcess.h:13,
                 from PacBioCorrectionProcess.cpp:9:
/usr/include/c++/5/bits/basic_string.h:4930:5: note: candidate: template<class _CharT, class _Traits, class _Alloc> std::basic_string<_CharT, _Traits, _Alloc> std::operator+(const std::basic_string<_CharT, _Traits, _Alloc>&, std::basic_string<_CharT, _Traits, _Alloc>&&)
     operator+(const basic_string<_CharT, _Traits, _Alloc>& __lhs,
     ^
/usr/include/c++/5/bits/basic_string.h:4930:5: note:   template argument deduction/substitution failed:
PacBioCorrectionProcess.cpp:639:103: note:   ‘BWTInterval’ is not derived from ‘const std::basic_string<_CharT, _Traits, _Alloc>’
                 size_t localkmerFreqs = kmerinterval.at(i).interval[0] + kmerinterval.at(i).interval[1];;
                                                                                                       ^
In file included from /usr/include/c++/5/string:52:0,
                 from /usr/include/c++/5/stdexcept:39,
                 from /usr/include/c++/5/array:38,
                 from /usr/include/c++/5/tuple:39,
                 from /usr/include/c++/5/functional:55,
                 from /usr/local/include/sparsehash/sparse_hash_map:89,
                 from /usr/local/include/google/sparse_hash_map:34,
                 from ../Util/HashMap.h:53,
                 from PacBioCorrectionProcess.h:13,
                 from PacBioCorrectionProcess.cpp:9:
/usr/include/c++/5/bits/basic_string.h:4936:5: note: candidate: template<class _CharT, class _Traits, class _Alloc> std::basic_string<_CharT, _Traits, _Alloc> std::operator+(std::basic_string<_CharT, _Traits, _Alloc>&&, std::basic_string<_CharT, _Traits, _Alloc>&&)
     operator+(basic_string<_CharT, _Traits, _Alloc>&& __lhs,
     ^
/usr/include/c++/5/bits/basic_string.h:4936:5: note:   template argument deduction/substitution failed:
PacBioCorrectionProcess.cpp:639:103: note:   ‘BWTInterval’ is not derived from ‘std::basic_string<_CharT, _Traits, _Alloc>’
                 size_t localkmerFreqs = kmerinterval.at(i).interval[0] + kmerinterval.at(i).interval[1];;
                                                                                                       ^
In file included from /usr/include/c++/5/string:52:0,
                 from /usr/include/c++/5/stdexcept:39,
                 from /usr/include/c++/5/array:38,
                 from /usr/include/c++/5/tuple:39,
                 from /usr/include/c++/5/functional:55,
                 from /usr/local/include/sparsehash/sparse_hash_map:89,
                 from /usr/local/include/google/sparse_hash_map:34,
                 from ../Util/HashMap.h:53,
                 from PacBioCorrectionProcess.h:13,
                 from PacBioCorrectionProcess.cpp:9:
/usr/include/c++/5/bits/basic_string.h:4948:5: note: candidate: template<class _CharT, class _Traits, class _Alloc> std::basic_string<_CharT, _Traits, _Alloc> std::operator+(const _CharT*, std::basic_string<_CharT, _Traits, _Alloc>&&)
     operator+(const _CharT* __lhs,
     ^
/usr/include/c++/5/bits/basic_string.h:4948:5: note:   template argument deduction/substitution failed:
PacBioCorrectionProcess.cpp:639:103: note:   mismatched types ‘const _CharT*’ and ‘BWTInterval’
                 size_t localkmerFreqs = kmerinterval.at(i).interval[0] + kmerinterval.at(i).interval[1];;
                                                                                                       ^
In file included from /usr/include/c++/5/string:52:0,
                 from /usr/include/c++/5/stdexcept:39,
                 from /usr/include/c++/5/array:38,
                 from /usr/include/c++/5/tuple:39,
                 from /usr/include/c++/5/functional:55,
                 from /usr/local/include/sparsehash/sparse_hash_map:89,
                 from /usr/local/include/google/sparse_hash_map:34,
                 from ../Util/HashMap.h:53,
                 from PacBioCorrectionProcess.h:13,
                 from PacBioCorrectionProcess.cpp:9:
/usr/include/c++/5/bits/basic_string.h:4954:5: note: candidate: template<class _CharT, class _Traits, class _Alloc> std::basic_string<_CharT, _Traits, _Alloc> std::operator+(_CharT, std::basic_string<_CharT, _Traits, _Alloc>&&)
     operator+(_CharT __lhs,
     ^
/usr/include/c++/5/bits/basic_string.h:4954:5: note:   template argument deduction/substitution failed:
PacBioCorrectionProcess.cpp:639:103: note:   ‘BWTInterval’ is not derived from ‘std::basic_string<_CharT, _Traits, _Alloc>’
                 size_t localkmerFreqs = kmerinterval.at(i).interval[0] + kmerinterval.at(i).interval[1];;
                                                                                                       ^
In file included from /usr/include/c++/5/string:52:0,
                 from /usr/include/c++/5/stdexcept:39,
                 from /usr/include/c++/5/array:38,
                 from /usr/include/c++/5/tuple:39,
                 from /usr/include/c++/5/functional:55,
                 from /usr/local/include/sparsehash/sparse_hash_map:89,
                 from /usr/local/include/google/sparse_hash_map:34,
                 from ../Util/HashMap.h:53,
                 from PacBioCorrectionProcess.h:13,
                 from PacBioCorrectionProcess.cpp:9:
/usr/include/c++/5/bits/basic_string.h:4960:5: note: candidate: template<class _CharT, class _Traits, class _Alloc> std::basic_string<_CharT, _Traits, _Alloc> std::operator+(std::basic_string<_CharT, _Traits, _Alloc>&&, const _CharT*)
     operator+(basic_string<_CharT, _Traits, _Alloc>&& __lhs,
     ^
/usr/include/c++/5/bits/basic_string.h:4960:5: note:   template argument deduction/substitution failed:
PacBioCorrectionProcess.cpp:639:103: note:   ‘BWTInterval’ is not derived from ‘std::basic_string<_CharT, _Traits, _Alloc>’
                 size_t localkmerFreqs = kmerinterval.at(i).interval[0] + kmerinterval.at(i).interval[1];;
                                                                                                       ^
In file included from /usr/include/c++/5/string:52:0,
                 from /usr/include/c++/5/stdexcept:39,
                 from /usr/include/c++/5/array:38,
                 from /usr/include/c++/5/tuple:39,
                 from /usr/include/c++/5/functional:55,
                 from /usr/local/include/sparsehash/sparse_hash_map:89,
                 from /usr/local/include/google/sparse_hash_map:34,
                 from ../Util/HashMap.h:53,
                 from PacBioCorrectionProcess.h:13,
                 from PacBioCorrectionProcess.cpp:9:
/usr/include/c++/5/bits/basic_string.h:4966:5: note: candidate: template<class _CharT, class _Traits, class _Alloc> std::basic_string<_CharT, _Traits, _Alloc> std::operator+(std::basic_string<_CharT, _Traits, _Alloc>&&, _CharT)
     operator+(basic_string<_CharT, _Traits, _Alloc>&& __lhs,
     ^
/usr/include/c++/5/bits/basic_string.h:4966:5: note:   template argument deduction/substitution failed:
PacBioCorrectionProcess.cpp:639:103: note:   ‘BWTInterval’ is not derived from ‘std::basic_string<_CharT, _Traits, _Alloc>’
                 size_t localkmerFreqs = kmerinterval.at(i).interval[0] + kmerinterval.at(i).interval[1];;
                                                                                                       ^
In file included from /usr/include/c++/5/vector:65:0,
                 from /usr/local/include/sparsehash/sparsetable:244,
                 from /usr/local/include/sparsehash/internal/sparsehashtable.h:106,
                 from /usr/local/include/sparsehash/sparse_hash_map:93,
                 from /usr/local/include/google/sparse_hash_map:34,
                 from ../Util/HashMap.h:53,
                 from PacBioCorrectionProcess.h:13,
                 from PacBioCorrectionProcess.cpp:9:
/usr/include/c++/5/bits/stl_bvector.h:297:3: note: candidate: std::_Bit_iterator std::operator+(std::ptrdiff_t, const std::_Bit_iterator&)
   operator+(ptrdiff_t __n, const _Bit_iterator& __x)
   ^
/usr/include/c++/5/bits/stl_bvector.h:297:3: note:   no known conversion for argument 1 from ‘BWTInterval’ to ‘std::ptrdiff_t {aka long int}’
/usr/include/c++/5/bits/stl_bvector.h:387:3: note: candidate: std::_Bit_const_iterator std::operator+(std::ptrdiff_t, const std::_Bit_const_iterator&)
   operator+(ptrdiff_t __n, const _Bit_const_iterator& __x)
   ^
/usr/include/c++/5/bits/stl_bvector.h:387:3: note:   no known conversion for argument 1 from ‘BWTInterval’ to ‘std::ptrdiff_t {aka long int}’
In file included from /usr/include/c++/5/deque:64:0,
                 from /usr/include/c++/5/queue:60,
                 from ../SuffixTools/BWTAlgorithms.h:18,
                 from PacBioCorrectionProcess.h:20,
                 from PacBioCorrectionProcess.cpp:9:
/usr/include/c++/5/bits/stl_deque.h:372:5: note: candidate: template<class _Tp, class _Ref, class _Ptr> std::_Deque_iterator<_Tp, _Ref, _Ptr> std::operator+(std::ptrdiff_t, const std::_Deque_iterator<_Tp, _Ref, _Ptr>&)
     operator+(ptrdiff_t __n, const _Deque_iterator<_Tp, _Ref, _Ptr>& __x)
     ^
/usr/include/c++/5/bits/stl_deque.h:372:5: note:   template argument deduction/substitution failed:
PacBioCorrectionProcess.cpp:639:70: note:   cannot convert ‘kmerinterval.std::vector<_Tp, _Alloc>::at<BWTIntervalPair, std::allocator<BWTIntervalPair> >(i).BWTIntervalPair::interval[0]’ (type ‘BWTInterval’) to type ‘std::ptrdiff_t {aka long int}’
                 size_t localkmerFreqs = kmerinterval.at(i).interval[0] + kmerinterval.at(i).interval[1];;
                                                                      ^
In file included from PacBioCorrectionProcess.cpp:9:0:
PacBioCorrectionProcess.h: In constructor ‘SeedFeature::SeedFeature(size_t, std::string, bool, size_t, size_t)’:
PacBioCorrectionProcess.h:57:10: warning: ‘SeedFeature::minKmerSize’ will be initialized after [-Wreorder]
   size_t minKmerSize;
          ^
PacBioCorrectionProcess.h:44:8: warning:   ‘bool SeedFeature::isPBSeed’ [-Wreorder]
   bool isPBSeed;
        ^
PacBioCorrectionProcess.cpp:1563:1: warning:   when initialized here [-Wreorder]
 SeedFeature::SeedFeature(size_t startPos, std::string str, bool repeat, size_t kmerSize, size_t repeatCutoff)
 ^
make[2]: *** [libpacbio_a-PacBioCorrectionProcess.o] Error 1
make[2]: Leaving directory `/bip6_disk/chengwei104/work4/Stride/PacBio'
make[1]: *** [all-recursive] Error 1
make[1]: Leaving directory `/bip6_disk/chengwei104/work4/Stride'
make: *** [all] Error 2
